#
# There is insufficient memory for the Java Runtime Environment to continue.
# Native memory allocation (malloc) failed to allocate 1091056 bytes for Chunk::new
# Possible reasons:
#   The system is out of physical RAM or swap space
#   The process is running with CompressedOops enabled, and the Java Heap may be blocking the growth of the native heap
# Possible solutions:
#   Reduce memory load on the system
#   Increase physical memory or swap space
#   Check if swap backing store is full
#   Decrease Java heap size (-Xmx/-Xms)
#   Decrease number of Java threads
#   Decrease Java thread stack sizes (-Xss)
#   Set larger code cache with -XX:ReservedCodeCacheSize=
#   JVM is running with Zero Based Compressed Oops mode in which the Java heap is
#     placed in the first 32GB address space. The Java Heap base address is the
#     maximum limit for the native heap growth. Please use -XX:HeapBaseMinAddress
#     to set the Java Heap base and to place the Java Heap above 32GB virtual address.
# This output file may be truncated or incomplete.
#
#  Out of Memory Error (allocation.cpp:389), pid=18752, tid=0x00000000000021a8
#
# JRE version: Java(TM) SE Runtime Environment (8.0_211-b12) (build 1.8.0_211-b12)
# Java VM: Java HotSpot(TM) 64-Bit Server VM (25.211-b12 mixed mode windows-amd64 compressed oops)
# Failed to write core dump. Minidumps are not enabled by default on client versions of Windows
#

---------------  T H R E A D  ---------------

Current thread (0x000000001c1c4800):  JavaThread "C2 CompilerThread0" daemon [_thread_in_native, id=8616, stack(0x000000001dc30000,0x000000001dd30000)]

Stack: [0x000000001dc30000,0x000000001dd30000]
[error occurred during error reporting (printing stack bounds), id 0xc0000005]

Native frames: (J=compiled Java code, j=interpreted, Vv=VM code, C=native code)


Current CompileTask:
C2:   2892 1054       4       java.io.WinNTFileSystem::normalize (143 bytes)


---------------  P R O C E S S  ---------------

Java Threads: ( => current thread )
  0x000000001e8d3800 JavaThread "background-preinit" [_thread_in_native, id=25324, stack(0x000000001fdb0000,0x000000001feb0000)]
  0x000000001d5d7000 JavaThread "Service Thread" daemon [_thread_blocked, id=9408, stack(0x000000001df30000,0x000000001e030000)]
  0x000000001c1dd000 JavaThread "C1 CompilerThread2" daemon [_thread_blocked, id=6804, stack(0x000000001de30000,0x000000001df30000)]
  0x000000001c1c9800 JavaThread "C2 CompilerThread1" daemon [_thread_blocked, id=8712, stack(0x000000001dd30000,0x000000001de30000)]
=>0x000000001c1c4800 JavaThread "C2 CompilerThread0" daemon [_thread_in_native, id=8616, stack(0x000000001dc30000,0x000000001dd30000)]
  0x000000001c1c2800 JavaThread "Monitor Ctrl-Break" daemon [_thread_in_native, id=7772, stack(0x000000001db30000,0x000000001dc30000)]
  0x000000001c1ab000 JavaThread "Attach Listener" daemon [_thread_blocked, id=23860, stack(0x000000001da30000,0x000000001db30000)]
  0x000000001c199000 JavaThread "Signal Dispatcher" daemon [_thread_blocked, id=21876, stack(0x000000001d930000,0x000000001da30000)]
  0x0000000002b1a800 JavaThread "Finalizer" daemon [_thread_blocked, id=9556, stack(0x000000001d3d0000,0x000000001d4d0000)]
  0x0000000002b17000 JavaThread "Reference Handler" daemon [_thread_blocked, id=12144, stack(0x000000001d2d0000,0x000000001d3d0000)]
  0x000000000291d000 JavaThread "main" [_thread_in_native, id=17512, stack(0x00000000027f0000,0x00000000028f0000)]

Other Threads:
  0x000000001c147800 VMThread [stack: 0x000000001d1d0000,0x000000001d2d0000] [id=25928]
  0x000000001d603800 WatcherThread [stack: 0x000000001e030000,0x000000001e130000] [id=11588]

VM state:not at safepoint (normal execution)

VM Mutex/Monitor currently owned by a thread: None

heap address: 0x00000006c1400000, size: 4076 MB, Compressed Oops mode: Zero based, Oop shift amount: 3
Narrow klass base: 0x0000000000000000, Narrow klass shift: 3
Compressed class space size: 1073741824 Address: 0x00000007c0000000

Heap:
 PSYoungGen      total 76288K, used 21801K [0x000000076b180000, 0x0000000770680000, 0x00000007c0000000)
  eden space 65536K, 22% used [0x000000076b180000,0x000000076bfd7300,0x000000076f180000)
  from space 10752K, 66% used [0x000000076f180000,0x000000076f8731e8,0x000000076fc00000)
  to   space 10752K, 0% used [0x000000076fc00000,0x000000076fc00000,0x0000000770680000)
 ParOldGen       total 175104K, used 16K [0x00000006c1400000, 0x00000006cbf00000, 0x000000076b180000)
  object space 175104K, 0% used [0x00000006c1400000,0x00000006c1404000,0x00000006cbf00000)
 Metaspace       used 13926K, capacity 14268K, committed 14336K, reserved 1062912K
  class space    used 1705K, capacity 1782K, committed 1792K, reserved 1048576K

Card table byte_map: [0x0000000011ee0000,0x00000000126e0000] byte_map_base: 0x000000000e8d6000

Marking Bits: (ParMarkBitMap*) 0x00000000721a5ce0
 Begin Bits: [0x0000000013030000, 0x0000000016fe0000)
 End Bits:   [0x0000000016fe0000, 0x000000001af90000)

Polling page: 0x0000000002410000

CodeCache: size=245760Kb used=4049Kb max_used=4063Kb free=241710Kb
 bounds [0x0000000002b20000, 0x0000000002f20000, 0x0000000011b20000]
 total_blobs=1464 nmethods=1103 adapters=274
 compilation: enabled

Compilation events (10 events):
Event: 2.781 Thread 0x000000001c1c9800 nmethod 1075 0x0000000002f10290 code [0x0000000002f103c0, 0x0000000002f10458]
Event: 2.781 Thread 0x000000001c1c9800 1065       4       java.net.URLStreamHandler::setURL (40 bytes)
Event: 2.784 Thread 0x000000001c1c9800 nmethod 1065 0x0000000002f11110 code [0x0000000002f11260, 0x0000000002f11598]
Event: 2.784 Thread 0x000000001c1c9800 1093       4       java.util.regex.Pattern$Node::match (27 bytes)
Event: 2.784 Thread 0x000000001c1dd000 1101       3       java.lang.Character::codePointAt (8 bytes)
Event: 2.784 Thread 0x000000001c1dd000 nmethod 1101 0x0000000002f10d90 code [0x0000000002f10f00, 0x0000000002f11068]
Event: 2.784 Thread 0x000000001c1dd000 1102       3       org.yaml.snakeyaml.reader.StreamReader::isPrintable (80 bytes)
Event: 2.784 Thread 0x000000001c1dd000 nmethod 1102 0x0000000002f10790 code [0x0000000002f10900, 0x0000000002f10d10]
Event: 2.785 Thread 0x000000001c1c9800 nmethod 1093 0x0000000002f0e810 code [0x0000000002f0e940, 0x0000000002f0e9f8]
Event: 2.790 Thread 0x000000001c1c9800 1103   !   4       java.util.concurrent.ConcurrentHashMap::putVal (362 bytes)

GC Heap History (2 events):
Event: 2.565 GC heap before
{Heap before GC invocations=1 (full 0):
 PSYoungGen      total 76288K, used 65536K [0x000000076b180000, 0x0000000770680000, 0x00000007c0000000)
  eden space 65536K, 100% used [0x000000076b180000,0x000000076f180000,0x000000076f180000)
  from space 10752K, 0% used [0x000000076fc00000,0x000000076fc00000,0x0000000770680000)
  to   space 10752K, 0% used [0x000000076f180000,0x000000076f180000,0x000000076fc00000)
 ParOldGen       total 175104K, used 0K [0x00000006c1400000, 0x00000006cbf00000, 0x000000076b180000)
  object space 175104K, 0% used [0x00000006c1400000,0x00000006c1400000,0x00000006cbf00000)
 Metaspace       used 12230K, capacity 12518K, committed 12672K, reserved 1060864K
  class space    used 1470K, capacity 1563K, committed 1664K, reserved 1048576K
Event: 2.577 GC heap after
Heap after GC invocations=1 (full 0):
 PSYoungGen      total 76288K, used 7116K [0x000000076b180000, 0x0000000770680000, 0x00000007c0000000)
  eden space 65536K, 0% used [0x000000076b180000,0x000000076b180000,0x000000076f180000)
  from space 10752K, 66% used [0x000000076f180000,0x000000076f8731e8,0x000000076fc00000)
  to   space 10752K, 0% used [0x000000076fc00000,0x000000076fc00000,0x0000000770680000)
 ParOldGen       total 175104K, used 16K [0x00000006c1400000, 0x00000006cbf00000, 0x000000076b180000)
  object space 175104K, 0% used [0x00000006c1400000,0x00000006c1404000,0x00000006cbf00000)
 Metaspace       used 12230K, capacity 12518K, committed 12672K, reserved 1060864K
  class space    used 1470K, capacity 1563K, committed 1664K, reserved 1048576K
}

Deoptimization events (8 events):
Event: 1.352 Thread 0x000000000291d000 Uncommon trap: reason=unstable_if action=reinterpret pc=0x0000000002d3f344 method=java.util.HashMap.getNode(ILjava/lang/Object;)Ljava/util/HashMap$Node; @ 129
Event: 1.390 Thread 0x000000000291d000 Uncommon trap: reason=unstable_if action=reinterpret pc=0x0000000002dae4e4 method=java.util.HashMap.getNode(ILjava/lang/Object;)Ljava/util/HashMap$Node; @ 129
Event: 1.758 Thread 0x000000000291d000 Uncommon trap: reason=unstable_if action=reinterpret pc=0x0000000002d520b8 method=java.io.WinNTFileSystem.normalize(Ljava/lang/String;)Ljava/lang/String; @ 128
Event: 1.759 Thread 0x000000000291d000 Uncommon trap: reason=unstable_if action=reinterpret pc=0x0000000002cc9234 method=java.lang.String.indexOf([CII[CIII)I @ 3
Event: 1.937 Thread 0x000000000291d000 Uncommon trap: reason=range_check action=make_not_entrant pc=0x0000000002dc1c28 method=sun.reflect.generics.parser.SignatureParser.current()C @ 34
Event: 2.052 Thread 0x000000000291d000 Uncommon trap: reason=unstable_if action=reinterpret pc=0x0000000002e5b194 method=java.util.HashMap.hash(Ljava/lang/Object;)I @ 1
Event: 2.052 Thread 0x000000000291d000 Uncommon trap: reason=unstable_if action=reinterpret pc=0x0000000002dc1ee8 method=java.util.HashMap.hash(Ljava/lang/Object;)I @ 1
Event: 2.728 Thread 0x000000000291d000 Uncommon trap: reason=unstable_if action=reinterpret pc=0x0000000002e2d6e8 method=java.util.HashMap.hash(Ljava/lang/Object;)I @ 1

Classes redefined (0 events):
No events

Internal exceptions (10 events):
Event: 1.051 Thread 0x000000000291d000 Exception <a 'java/io/FileNotFoundException'> (0x000000076bed9890) thrown at [C:\re\workspace\8-2-build-windows-amd64-cygwin\jdk8u211\12973\hotspot\src\share\vm\prims\jni.cpp, line 710]
Event: 1.292 Thread 0x000000000291d000 Exception <a 'java/lang/NoSuchFieldError': method resolution failed> (0x000000076c3bb5a8) thrown at [C:\re\workspace\8-2-build-windows-amd64-cygwin\jdk8u211\12973\hotspot\src\share\vm\prims\methodHandles.cpp, line 1167]
Event: 1.295 Thread 0x000000000291d000 Exception <a 'java/lang/NoSuchFieldError': method resolution failed> (0x000000076c3c9538) thrown at [C:\re\workspace\8-2-build-windows-amd64-cygwin\jdk8u211\12973\hotspot\src\share\vm\prims\methodHandles.cpp, line 1167]
Event: 1.407 Thread 0x000000000291d000 Exception <a 'java/lang/NoSuchMethodError': org.slf4j.impl.StaticMDCBinder.getSingleton()Lorg/slf4j/impl/StaticMDCBinder;> (0x000000076c811df0) thrown at [C:\re\workspace\8-2-build-windows-amd64-cygwin\jdk8u211\12973\hotspot\src\share\vm\interpreter\linkR
Event: 1.763 Thread 0x000000000291d000 Exception <a 'java/lang/NoSuchMethodError': java.lang.Object.lambda$comparing$77a9974f$1(Ljava/util/function/Function;Ljava/lang/Object;Ljava/lang/Object;)I> (0x000000076d4921f8) thrown at [C:\re\workspace\8-2-build-windows-amd64-cygwin\jdk8u211\12973\hot
Event: 1.918 Thread 0x000000000291d000 Exception <a 'java/lang/NoSuchMethodError': java.lang.Object.lambda$static$0(Ljava/lang/Object;)Ljava/lang/Object;> (0x000000076da55760) thrown at [C:\re\workspace\8-2-build-windows-amd64-cygwin\jdk8u211\12973\hotspot\src\share\vm\interpreter\linkResolver
Event: 1.937 Thread 0x000000000291d000 Exception <a 'java/lang/ArrayIndexOutOfBoundsException': 18> (0x000000076db92830) thrown at [C:\re\workspace\8-2-build-windows-amd64-cygwin\jdk8u211\12973\hotspot\src\share\vm\interpreter\interpreterRuntime.cpp, line 368]
Event: 2.052 Thread 0x000000000291d000 Implicit null exception at 0x0000000002e5acdb to 0x0000000002e5b179
Event: 2.052 Thread 0x000000000291d000 Implicit null exception at 0x0000000002dc1e6f to 0x0000000002dc1ed9
Event: 2.728 Thread 0x000000000291d000 Implicit null exception at 0x0000000002e2d4d5 to 0x0000000002e2d6d9

Events (10 events):
Event: 2.789 loading class org/yaml/snakeyaml/resolver/Resolver$1
Event: 2.789 loading class org/yaml/snakeyaml/resolver/Resolver$1 done
Event: 2.789 loading class org/apache/logging/log4j/spi/LoggerRegistry$ConcurrentMapFactory
Event: 2.789 loading class org/apache/logging/log4j/spi/LoggerRegistry$ConcurrentMapFactory done
Event: 2.790 loading class org/yaml/snakeyaml/parser/ParserImpl$ParseBlockMappingKey
Event: 2.790 loading class org/yaml/snakeyaml/parser/ParserImpl$ParseBlockMappingKey done
Event: 2.790 loading class org/slf4j/helpers/Log4jLoggerFactory
Event: 2.790 loading class org/slf4j/helpers/Log4jLoggerFactory done
Event: 2.791 loading class org/yaml/snakeyaml/events/MappingEndEvent
Event: 2.791 loading class org/yaml/snakeyaml/events/MappingEndEvent done


Dynamic libraries:
0x00007ff79ef40000 - 0x00007ff79ef77000 	D:\Java\jdk1.8.0_211\bin\java.exe
0x00007ffed4d40000 - 0x00007ffed4f21000 	C:\WINDOWS\SYSTEM32\ntdll.dll
0x00007ffed2310000 - 0x00007ffed23c1000 	C:\WINDOWS\System32\KERNEL32.DLL
0x00007ffed11c0000 - 0x00007ffed1433000 	C:\WINDOWS\System32\KERNELBASE.dll
0x00007ffed2bc0000 - 0x00007ffed2c61000 	C:\WINDOWS\System32\ADVAPI32.dll
0x00007ffed2210000 - 0x00007ffed22ae000 	C:\WINDOWS\System32\msvcrt.dll
0x00007ffed2400000 - 0x00007ffed245b000 	C:\WINDOWS\System32\sechost.dll
0x00007ffed2910000 - 0x00007ffed2a34000 	C:\WINDOWS\System32\RPCRT4.dll
0x00007ffed4b80000 - 0x00007ffed4d10000 	C:\WINDOWS\System32\USER32.dll
0x00007ffed14a0000 - 0x00007ffed14c0000 	C:\WINDOWS\System32\win32u.dll
0x00007ffed4650000 - 0x00007ffed4678000 	C:\WINDOWS\System32\GDI32.dll
0x00007ffed2030000 - 0x00007ffed21c1000 	C:\WINDOWS\System32\gdi32full.dll
0x00007ffed14c0000 - 0x00007ffed155f000 	C:\WINDOWS\System32\msvcp_win.dll
0x00007ffed15e0000 - 0x00007ffed16d8000 	C:\WINDOWS\System32\ucrtbase.dll
0x00007ffec42f0000 - 0x00007ffec4559000 	C:\WINDOWS\WinSxS\amd64_microsoft.windows.common-controls_6595b64144ccf1df_6.0.17134.829_none_fb46a5473061b9d5\COMCTL32.dll
0x00007ffed4320000 - 0x00007ffed4642000 	C:\WINDOWS\System32\combase.dll
0x00007ffed1560000 - 0x00007ffed15da000 	C:\WINDOWS\System32\bcryptPrimitives.dll
0x00007ffed21d0000 - 0x00007ffed21fd000 	C:\WINDOWS\System32\IMM32.DLL
0x0000000073c00000 - 0x0000000073cd2000 	D:\Java\jdk1.8.0_211\jre\bin\msvcr100.dll
0x0000000071980000 - 0x0000000072225000 	D:\Java\jdk1.8.0_211\jre\bin\server\jvm.dll
0x00007ffed2200000 - 0x00007ffed2208000 	C:\WINDOWS\System32\PSAPI.DLL
0x00007ffec70d0000 - 0x00007ffec70da000 	C:\WINDOWS\SYSTEM32\VERSION.dll
0x00007ffeb7890000 - 0x00007ffeb7899000 	C:\WINDOWS\SYSTEM32\WSOCK32.dll
0x00007ffecb600000 - 0x00007ffecb623000 	C:\WINDOWS\SYSTEM32\WINMM.dll
0x00007ffed2d20000 - 0x00007ffed2d8c000 	C:\WINDOWS\System32\WS2_32.dll
0x00007ffecb5d0000 - 0x00007ffecb5fa000 	C:\WINDOWS\SYSTEM32\WINMMBASE.dll
0x00007ffed1fe0000 - 0x00007ffed2029000 	C:\WINDOWS\System32\cfgmgr32.dll
0x00007ffeb30d0000 - 0x00007ffeb30df000 	D:\Java\jdk1.8.0_211\jre\bin\verify.dll
0x00007ffe9b890000 - 0x00007ffe9b8b9000 	D:\Java\jdk1.8.0_211\jre\bin\java.dll
0x00007ffeccb50000 - 0x00007ffeccb73000 	D:\Java\jdk1.8.0_211\jre\bin\instrument.dll
0x00007ffebfef0000 - 0x00007ffebff06000 	D:\Java\jdk1.8.0_211\jre\bin\zip.dll
0x00007ffed2e10000 - 0x00007ffed4250000 	C:\WINDOWS\System32\SHELL32.dll
0x00007ffed2c70000 - 0x00007ffed2d19000 	C:\WINDOWS\System32\shcore.dll
0x00007ffed18d0000 - 0x00007ffed1fdd000 	C:\WINDOWS\System32\windows.storage.dll
0x00007ffed4910000 - 0x00007ffed4961000 	C:\WINDOWS\System32\shlwapi.dll
0x00007ffed1050000 - 0x00007ffed1061000 	C:\WINDOWS\System32\kernel.appcore.dll
0x00007ffed10a0000 - 0x00007ffed10bf000 	C:\WINDOWS\System32\profapi.dll
0x00007ffed10c0000 - 0x00007ffed110c000 	C:\WINDOWS\System32\powrprof.dll
0x00007ffed1070000 - 0x00007ffed107a000 	C:\WINDOWS\System32\FLTLIB.DLL
0x00007ffecba70000 - 0x00007ffecba8a000 	D:\IntelliJ IDEA 2019.1.3\bin\breakgen64.dll
0x00007ffebf030000 - 0x00007ffebf04a000 	D:\Java\jdk1.8.0_211\jre\bin\net.dll
0x00007ffec4110000 - 0x00007ffec42d9000 	C:\WINDOWS\SYSTEM32\urlmon.dll
0x00007ffec4a30000 - 0x00007ffec4cd6000 	C:\WINDOWS\SYSTEM32\iertutil.dll
0x00007ffed0a80000 - 0x00007ffed0a8b000 	C:\WINDOWS\SYSTEM32\CRYPTBASE.DLL
0x00007ffed08b0000 - 0x00007ffed0916000 	C:\WINDOWS\system32\mswsock.dll
0x00007ffebf010000 - 0x00007ffebf022000 	D:\Java\jdk1.8.0_211\jre\bin\nio.dll

VM Arguments:
jvm_args: -ea -Didea.test.cyclic.buffer.size=1048576 -javaagent:D:\IntelliJ IDEA 2019.1.3\lib\idea_rt.jar=59975:D:\IntelliJ IDEA 2019.1.3\bin -Dfile.encoding=UTF-8 
java_command: com.intellij.rt.execution.junit.JUnitStarter -ideVersion5 -junit4 com.zyf.springboot06datamybatis.SpringBoot06DataMybatisApplicationTests,contextLoads
java_class_path (initial): D:\IntelliJ IDEA 2019.1.3\lib\idea_rt.jar;D:\IntelliJ IDEA 2019.1.3\plugins\junit\lib\junit-rt.jar;D:\IntelliJ IDEA 2019.1.3\plugins\junit\lib\junit5-rt.jar;D:\Java\jdk1.8.0_211\jre\lib\charsets.jar;D:\Java\jdk1.8.0_211\jre\lib\deploy.jar;D:\Java\jdk1.8.0_211\jre\lib\ext\access-bridge-64.jar;D:\Java\jdk1.8.0_211\jre\lib\ext\cldrdata.jar;D:\Java\jdk1.8.0_211\jre\lib\ext\dnsns.jar;D:\Java\jdk1.8.0_211\jre\lib\ext\jaccess.jar;D:\Java\jdk1.8.0_211\jre\lib\ext\jfxrt.jar;D:\Java\jdk1.8.0_211\jre\lib\ext\localedata.jar;D:\Java\jdk1.8.0_211\jre\lib\ext\nashorn.jar;D:\Java\jdk1.8.0_211\jre\lib\ext\sunec.jar;D:\Java\jdk1.8.0_211\jre\lib\ext\sunjce_provider.jar;D:\Java\jdk1.8.0_211\jre\lib\ext\sunmscapi.jar;D:\Java\jdk1.8.0_211\jre\lib\ext\sunpkcs11.jar;D:\Java\jdk1.8.0_211\jre\lib\ext\zipfs.jar;D:\Java\jdk1.8.0_211\jre\lib\javaws.jar;D:\Java\jdk1.8.0_211\jre\lib\jce.jar;D:\Java\jdk1.8.0_211\jre\lib\jfr.jar;D:\Java\jdk1.8.0_211\jre\lib\jfxswt.jar;D:\Java\jdk1.8.0_211\jre\lib\jsse.jar;D:\Java\jdk1.8.0_211\jre\lib\management-agent.jar;D:\Java\jdk1.8.0_211\jre\lib\plugin.jar;D:\Java\jdk1.8.0_211\jre\lib\resources.jar;D:\Java\jdk1.8.0_211\jre\lib\rt.jar;E:\AOracleEducation\spring-boot-06-data-mybatis\target\test-classes;E:\AOracleEducation\spring-boot-06-data-mybatis\target\classes;F:\apache-maven-3.6.1\Local\org\springframework\boot\spring-boot-starter-jdbc\2.1.6.RELEASE\spring-boot-starter-jdbc-2.1.6.RELEASE.jar;F:\apache-maven-3.6.1\Local\org\springframework\boot\spring-boot-starter\2.1.6.RELEASE\spring-boot-starter-2.1.6.RELEASE.jar;F:\apache-maven-3.6.1\Local\org\springframework\boot\spring-boot\2.1.6.RELEASE\spring-boot-2.1.6.RELEASE.jar;F:\apache-maven-3.6.1\Local\org\springframework\boot\spring-boot-autoconfigure\2.1.6.RELEASE\spring-boot-autoconfigure-2.1.6.RELEASE.jar;F:\apache-maven-3.6.1\Local\org\springframework\boot\spring-boot-starter-logging\2.1.6.RELEASE\spring-boot-starter-logging-2.1.6.RELEASE.jar;F:\apache-maven-3.6.1\Local\ch\qos\l
Launcher Type: SUN_STANDARD

Environment Variables:
JAVA_HOME=D:\Java\jdk1.8.0_211\
CLASSPATH=.;D:\Java\jdk1.8.0_211\\lib;D:\Java\jdk1.8.0_211\\lib\tools.jar
PATH=C:\Program Files (x86)\Common Files\Oracle\Java\javapath;D:\Java\jdk1.8.0_211\bin;D:\Java\jre1.8.0_211\bin;C:\Program Files (x86)\Intel\iCLS Client\;C:\Program Files\Intel\iCLS Client\;C:\WINDOWS\system32;C:\WINDOWS;C:\WINDOWS\System32\Wbem;C:\WINDOWS\System32\WindowsPowerShell\v1.0\;C:\Program Files (x86)\Intel\Intel(R) Management Engine Components\DAL;C:\Program Files\Intel\Intel(R) Management Engine Components\DAL;C:\Program Files (x86)\Intel\Intel(R) Management Engine Components\IPT;C:\Program Files\Intel\Intel(R) Management Engine Components\IPT;C:\Program Files (x86)\NVIDIA Corporation\PhysX\Common;C:\Program Files\Intel\WiFi\bin\;C:\Program Files\Common Files\Intel\WirelessCommon\;%SystemRoot%\system32;%SystemRoot%;%SystemRoot%\System32\Wbem;%SYSTEMROOT%\System32\WindowsPowerShell\v1.0\;D:\Apache24\bin;D:\php;D:\php\ext;%SYSTEMROOT%\System32\OpenSSH\;D:\PuTTY\;E:\android-sdk\tools;%M2_HOME%\bin;E:\nodejs\;F:\Git\cmd;;E:\phpstudy_pro\Extensions\composer;C:\Users\Hero\AppData\Local\Microsoft\WindowsApps;C:\Users\Hero\AppData\Roaming\npm
USERNAME=Hero
OS=Windows_NT
PROCESSOR_IDENTIFIER=Intel64 Family 6 Model 94 Stepping 3, GenuineIntel



---------------  S Y S T E M  ---------------

OS: Windows 10.0 , 64 bit Build 17134 (10.0.17134.753)

CPU:total 4 (initial active 4) (4 cores per cpu, 2 threads per core) family 6 model 94 stepping 3, cmov, cx8, fxsr, mmx, sse, sse2, sse3, ssse3, sse4.1, sse4.2, popcnt, avx, avx2, aes, clmul, erms, rtm, 3dnowpref, lzcnt, ht, tsc, tscinvbit, bmi1, bmi2, adx

Memory: 4k page, physical 16687908k(6148748k free), swap 27173792k(3104k free)

vm_info: Java HotSpot(TM) 64-Bit Server VM (25.211-b12) for windows-amd64 JRE (1.8.0_211-b12), built on Apr  1 2019 20:53:26 by "java_re" with MS VC++ 10.0 (VS2010)

time: Wed Jun 26 17:00:37 2019
timezone: 中国标准时间
elapsed time: 2 seconds (0d 0h 0m 2s)

